<?xml version="1.0" encoding="UTF-8"?>
<!-- Generated by org.testng.reporters.JUnitReportReporter -->
<testsuite hostname="DESKTOP-AK72CGG" failures="0" tests="3" name="Library.AddUser" time="6.604" errors="0" timestamp="2023-06-08T06:44:21 PDT" skipped="0">
  <testcase classname="Library.AddUser" name="CreateUser" time="6.409"/>
  <system-out/>
  <testcase classname="Library.AddUser" name="GetUser" time="0.120"/>
  <system-out/>
  <testcase classname="Library.AddUser" name="UpdateUser" time="0.075"/>
  <system-out/>
</testsuite> <!-- Library.AddUser -->
