<?xml version="1.0" encoding="UTF-8"?>
<!-- Generated by org.testng.reporters.JUnitReportReporter -->
<testsuite hostname="DESKTOP-AK72CGG" failures="0" tests="1" name="Library.AddUser" time="4.063" errors="0" timestamp="2023-06-08T06:17:58 PDT" skipped="0">
  <testcase classname="Library.AddUser" name="AddPlace" time="4.063"/>
  <system-out/>
</testsuite> <!-- Library.AddUser -->
