<?xml version="1.0" encoding="UTF-8"?>
<!-- Generated by org.testng.reporters.JUnitReportReporter -->
<testsuite hostname="DESKTOP-AK72CGG" failures="0" tests="1" name="Library.AddUser1" time="3.355" errors="0" timestamp="2023-06-08T06:40:30 PDT" skipped="0">
  <testcase classname="Library.AddUser1" name="UpdateUser" time="3.355"/>
  <system-out/>
</testsuite> <!-- Library.AddUser1 -->
