<?xml version="1.0" encoding="UTF-8"?>
<!-- Generated by org.testng.reporters.JUnitReportReporter -->
<testsuite hostname="DESKTOP-AK72CGG" failures="0" tests="4" name="Library.AddUser" time="5.550" errors="0" timestamp="2023-06-08T06:51:23 PDT" skipped="0">
  <testcase classname="Library.AddUser" name="CreateUser" time="5.254"/>
  <system-out/>
  <testcase classname="Library.AddUser" name="GetUser" time="0.178"/>
  <system-out/>
  <testcase classname="Library.AddUser" name="UpdateUser" time="0.069"/>
  <system-out/>
  <testcase classname="Library.AddUser" name="DeleteUser" time="0.049"/>
  <system-out/>
</testsuite> <!-- Library.AddUser -->
